
133. Printing statistics.

=== mk_fpu_multiplier_dp ===

   Number of wires:              41530
   Number of wire bits:          41729
   Number of public wires:        2611
   Number of public wire bits:    2810
   Number of memories:               0
   Number of memory bits:            0
   Number of processes:              0
   Number of cells:              41595
     sky130_fd_sc_hd__a2111o_2       1
     sky130_fd_sc_hd__a211o_2       78
     sky130_fd_sc_hd__a211oi_2       2
     sky130_fd_sc_hd__a211oi_4       1
     sky130_fd_sc_hd__a21bo_2       53
     sky130_fd_sc_hd__a21boi_2     157
     sky130_fd_sc_hd__a21o_2       705
     sky130_fd_sc_hd__a21oi_2      790
     sky130_fd_sc_hd__a21oi_4       76
     sky130_fd_sc_hd__a221o_2       43
     sky130_fd_sc_hd__a221oi_2      23
     sky130_fd_sc_hd__a22o_2       635
     sky130_fd_sc_hd__a22oi_2        6
     sky130_fd_sc_hd__a2bb2o_2       2
     sky130_fd_sc_hd__a311o_2        6
     sky130_fd_sc_hd__a31o_2       301
     sky130_fd_sc_hd__a31oi_2       29
     sky130_fd_sc_hd__a31oi_4        3
     sky130_fd_sc_hd__a32o_2        15
     sky130_fd_sc_hd__a41o_2        17
     sky130_fd_sc_hd__a41oi_2        1
     sky130_fd_sc_hd__and2_2       409
     sky130_fd_sc_hd__and2_4         3
     sky130_fd_sc_hd__and2b_2      483
     sky130_fd_sc_hd__and3_2      1372
     sky130_fd_sc_hd__and3_4         5
     sky130_fd_sc_hd__and3b_2       69
     sky130_fd_sc_hd__and4_2        51
     sky130_fd_sc_hd__buf_1       1995
     sky130_fd_sc_hd__buf_2        733
     sky130_fd_sc_hd__buf_4        187
     sky130_fd_sc_hd__buf_6        129
     sky130_fd_sc_hd__buf_8          1
     sky130_fd_sc_hd__bufinv_8       1
     sky130_fd_sc_hd__conb_1         9
     sky130_fd_sc_hd__dfxtp_2     2605
     sky130_fd_sc_hd__inv_2       4218
     sky130_fd_sc_hd__inv_4          4
     sky130_fd_sc_hd__mux2_2       459
     sky130_fd_sc_hd__mux2_4         2
     sky130_fd_sc_hd__nand2_2    13743
     sky130_fd_sc_hd__nand2_4        9
     sky130_fd_sc_hd__nand2b_2     135
     sky130_fd_sc_hd__nand3_2     1898
     sky130_fd_sc_hd__nand3_4        1
     sky130_fd_sc_hd__nand3b_2     181
     sky130_fd_sc_hd__nand3b_4       3
     sky130_fd_sc_hd__nor2_2      2448
     sky130_fd_sc_hd__nor2_4        23
     sky130_fd_sc_hd__nor2_8         2
     sky130_fd_sc_hd__nor2b_2       13
     sky130_fd_sc_hd__nor2b_4        2
     sky130_fd_sc_hd__nor3_2        42
     sky130_fd_sc_hd__nor3b_2        8
     sky130_fd_sc_hd__nor3b_4        1
     sky130_fd_sc_hd__o2111a_2      11
     sky130_fd_sc_hd__o2111ai_2      8
     sky130_fd_sc_hd__o211a_2      253
     sky130_fd_sc_hd__o211ai_2     119
     sky130_fd_sc_hd__o21a_2       377
     sky130_fd_sc_hd__o21a_4         2
     sky130_fd_sc_hd__o21ai_2     1755
     sky130_fd_sc_hd__o21ai_4        2
     sky130_fd_sc_hd__o21ba_2       11
     sky130_fd_sc_hd__o21bai_2     101
     sky130_fd_sc_hd__o221a_2      111
     sky130_fd_sc_hd__o221ai_2      53
     sky130_fd_sc_hd__o22a_2         8
     sky130_fd_sc_hd__o22ai_2        7
     sky130_fd_sc_hd__o2bb2a_2       7
     sky130_fd_sc_hd__o2bb2ai_2      3
     sky130_fd_sc_hd__o311a_2       20
     sky130_fd_sc_hd__o311ai_2       2
     sky130_fd_sc_hd__o31a_2        25
     sky130_fd_sc_hd__o31ai_2       62
     sky130_fd_sc_hd__o32ai_2        1
     sky130_fd_sc_hd__o41a_2         1
     sky130_fd_sc_hd__or2_2       2830
     sky130_fd_sc_hd__or2_4        102
     sky130_fd_sc_hd__or2b_2       278
     sky130_fd_sc_hd__or3_2        691
     sky130_fd_sc_hd__or3_4         51
     sky130_fd_sc_hd__or3b_2        27
     sky130_fd_sc_hd__or3b_4         4
     sky130_fd_sc_hd__or4_2        271
     sky130_fd_sc_hd__or4_4         48
     sky130_fd_sc_hd__or4b_2         1
     sky130_fd_sc_hd__xnor2_2       30
     sky130_fd_sc_hd__xor2_2       135

   Chip area for module '\mk_fpu_multiplier_dp': 322950.985600

