
124. Printing statistics.

=== mk_fpu_multiplier_dp ===

   Number of wires:              29057
   Number of wire bits:          29256
   Number of public wires:        2611
   Number of public wire bits:    2810
   Number of memories:               0
   Number of memory bits:            0
   Number of processes:              0
   Number of cells:              29122
     sky130_fd_sc_hd__a2111o_2      14
     sky130_fd_sc_hd__a2111oi_2      8
     sky130_fd_sc_hd__a211o_2      166
     sky130_fd_sc_hd__a211oi_2      19
     sky130_fd_sc_hd__a21bo_2      164
     sky130_fd_sc_hd__a21boi_2     140
     sky130_fd_sc_hd__a21o_2       714
     sky130_fd_sc_hd__a21oi_2      947
     sky130_fd_sc_hd__a21oi_4        1
     sky130_fd_sc_hd__a221o_2      148
     sky130_fd_sc_hd__a221oi_2       8
     sky130_fd_sc_hd__a22o_2       729
     sky130_fd_sc_hd__a22oi_2      493
     sky130_fd_sc_hd__a2bb2o_2      50
     sky130_fd_sc_hd__a311o_2       87
     sky130_fd_sc_hd__a311oi_2      10
     sky130_fd_sc_hd__a31o_2       768
     sky130_fd_sc_hd__a31oi_2       79
     sky130_fd_sc_hd__a32o_2        52
     sky130_fd_sc_hd__a32oi_2       13
     sky130_fd_sc_hd__a41o_2        12
     sky130_fd_sc_hd__a41oi_2        1
     sky130_fd_sc_hd__a41oi_4        1
     sky130_fd_sc_hd__and2_2      1513
     sky130_fd_sc_hd__and2b_2      521
     sky130_fd_sc_hd__and3_2       960
     sky130_fd_sc_hd__and3b_2      256
     sky130_fd_sc_hd__and4_2       903
     sky130_fd_sc_hd__and4b_2      243
     sky130_fd_sc_hd__and4bb_2     195
     sky130_fd_sc_hd__buf_1       3407
     sky130_fd_sc_hd__buf_2          3
     sky130_fd_sc_hd__buf_6          2
     sky130_fd_sc_hd__conb_1         9
     sky130_fd_sc_hd__dfxtp_2     2605
     sky130_fd_sc_hd__inv_2        839
     sky130_fd_sc_hd__inv_4          1
     sky130_fd_sc_hd__mux2_2       988
     sky130_fd_sc_hd__mux4_2         7
     sky130_fd_sc_hd__nand2_2     2576
     sky130_fd_sc_hd__nand2b_2       4
     sky130_fd_sc_hd__nand3_2      239
     sky130_fd_sc_hd__nand3b_2      25
     sky130_fd_sc_hd__nand4_2       74
     sky130_fd_sc_hd__nand4_4        1
     sky130_fd_sc_hd__nor2_2      2139
     sky130_fd_sc_hd__nor2_4         2
     sky130_fd_sc_hd__nor2b_2        1
     sky130_fd_sc_hd__nor3_2       209
     sky130_fd_sc_hd__nor3b_2        7
     sky130_fd_sc_hd__nor4_2        13
     sky130_fd_sc_hd__nor4b_2        1
     sky130_fd_sc_hd__o2111a_2      34
     sky130_fd_sc_hd__o2111ai_2     10
     sky130_fd_sc_hd__o211a_2      290
     sky130_fd_sc_hd__o211a_4        3
     sky130_fd_sc_hd__o211ai_2      40
     sky130_fd_sc_hd__o211ai_4       1
     sky130_fd_sc_hd__o21a_2       684
     sky130_fd_sc_hd__o21a_4         1
     sky130_fd_sc_hd__o21ai_2      676
     sky130_fd_sc_hd__o21ba_2      227
     sky130_fd_sc_hd__o21bai_2      86
     sky130_fd_sc_hd__o221a_2       64
     sky130_fd_sc_hd__o221ai_2       4
     sky130_fd_sc_hd__o22a_2        43
     sky130_fd_sc_hd__o22ai_2        6
     sky130_fd_sc_hd__o2bb2a_2     434
     sky130_fd_sc_hd__o2bb2ai_2      1
     sky130_fd_sc_hd__o311a_2       40
     sky130_fd_sc_hd__o311ai_2       3
     sky130_fd_sc_hd__o31a_2       160
     sky130_fd_sc_hd__o31ai_2       25
     sky130_fd_sc_hd__o32a_2        25
     sky130_fd_sc_hd__o32ai_2        2
     sky130_fd_sc_hd__o41a_2        10
     sky130_fd_sc_hd__or2_2       1640
     sky130_fd_sc_hd__or2_4          4
     sky130_fd_sc_hd__or2b_2       183
     sky130_fd_sc_hd__or3_2        472
     sky130_fd_sc_hd__or3_4          4
     sky130_fd_sc_hd__or3b_2       131
     sky130_fd_sc_hd__or3b_4         1
     sky130_fd_sc_hd__or4_2        152
     sky130_fd_sc_hd__or4_4          2
     sky130_fd_sc_hd__or4b_2        38
     sky130_fd_sc_hd__or4bb_2        4
     sky130_fd_sc_hd__xnor2_2      951
     sky130_fd_sc_hd__xor2_2       304

   Chip area for module '\mk_fpu_multiplier_dp': 270871.036800

