
88. Printing statistics.

=== mk_fpu_multiplier_dp ===

   Number of wires:              31208
   Number of wire bits:          31407
   Number of public wires:        2611
   Number of public wire bits:    2810
   Number of memories:               0
   Number of memory bits:            0
   Number of processes:              0
   Number of cells:              31273
     sky130_fd_sc_hd__a2111o_2      11
     sky130_fd_sc_hd__a2111oi_2     21
     sky130_fd_sc_hd__a211o_2      395
     sky130_fd_sc_hd__a211oi_2     141
     sky130_fd_sc_hd__a21bo_2      158
     sky130_fd_sc_hd__a21boi_2     113
     sky130_fd_sc_hd__a21o_2       727
     sky130_fd_sc_hd__a21oi_2     1821
     sky130_fd_sc_hd__a221o_2      162
     sky130_fd_sc_hd__a221oi_2      44
     sky130_fd_sc_hd__a22o_2       980
     sky130_fd_sc_hd__a22oi_2      824
     sky130_fd_sc_hd__a2bb2o_2     129
     sky130_fd_sc_hd__a2bb2oi_2     28
     sky130_fd_sc_hd__a311o_2      265
     sky130_fd_sc_hd__a311oi_2      69
     sky130_fd_sc_hd__a31o_2       971
     sky130_fd_sc_hd__a31oi_2      166
     sky130_fd_sc_hd__a32o_2        99
     sky130_fd_sc_hd__a32oi_2       22
     sky130_fd_sc_hd__a41o_2       129
     sky130_fd_sc_hd__a41oi_2       23
     sky130_fd_sc_hd__and2_2      1094
     sky130_fd_sc_hd__and2b_2       45
     sky130_fd_sc_hd__and3_2      1138
     sky130_fd_sc_hd__and3b_2      161
     sky130_fd_sc_hd__and4_2       770
     sky130_fd_sc_hd__and4b_2      397
     sky130_fd_sc_hd__and4bb_2     204
     sky130_fd_sc_hd__buf_1       3739
     sky130_fd_sc_hd__buf_2          1
     sky130_fd_sc_hd__conb_1         9
     sky130_fd_sc_hd__dfxtp_2     2605
     sky130_fd_sc_hd__inv_2        432
     sky130_fd_sc_hd__mux2_1         1
     sky130_fd_sc_hd__mux2_2       175
     sky130_fd_sc_hd__mux4_2        52
     sky130_fd_sc_hd__nand2_2     1734
     sky130_fd_sc_hd__nand2b_2      12
     sky130_fd_sc_hd__nand3_2      660
     sky130_fd_sc_hd__nand3b_2     154
     sky130_fd_sc_hd__nand4_2      744
     sky130_fd_sc_hd__nand4b_2      41
     sky130_fd_sc_hd__nor2_2      1536
     sky130_fd_sc_hd__nor2b_2        6
     sky130_fd_sc_hd__nor3_2       151
     sky130_fd_sc_hd__nor3b_2       16
     sky130_fd_sc_hd__nor4_2       116
     sky130_fd_sc_hd__nor4b_2       12
     sky130_fd_sc_hd__o2111a_2      68
     sky130_fd_sc_hd__o2111ai_2    188
     sky130_fd_sc_hd__o211a_2      576
     sky130_fd_sc_hd__o211ai_2     660
     sky130_fd_sc_hd__o21a_2       614
     sky130_fd_sc_hd__o21ai_2     1595
     sky130_fd_sc_hd__o21ba_2      127
     sky130_fd_sc_hd__o21bai_2     188
     sky130_fd_sc_hd__o221a_2      145
     sky130_fd_sc_hd__o221ai_2     170
     sky130_fd_sc_hd__o22a_2        89
     sky130_fd_sc_hd__o22ai_2      113
     sky130_fd_sc_hd__o2bb2a_2     599
     sky130_fd_sc_hd__o2bb2ai_2     66
     sky130_fd_sc_hd__o311a_2      133
     sky130_fd_sc_hd__o311ai_2      14
     sky130_fd_sc_hd__o31a_2       255
     sky130_fd_sc_hd__o31ai_2       90
     sky130_fd_sc_hd__o32a_2        70
     sky130_fd_sc_hd__o32ai_2       26
     sky130_fd_sc_hd__o41a_2        37
     sky130_fd_sc_hd__o41ai_2        8
     sky130_fd_sc_hd__or2_2        844
     sky130_fd_sc_hd__or2b_2       168
     sky130_fd_sc_hd__or3_2        258
     sky130_fd_sc_hd__or3b_2       143
     sky130_fd_sc_hd__or4_2        179
     sky130_fd_sc_hd__or4b_2        58
     sky130_fd_sc_hd__or4bb_2       76
     sky130_fd_sc_hd__xnor2_2      298
     sky130_fd_sc_hd__xor2_2       115

   Chip area for module '\mk_fpu_multiplier_dp': 305316.572800

