
61. Printing statistics.

=== mk_fpu_multiplier_dp ===

   Number of wires:              32084
   Number of wire bits:          32283
   Number of public wires:        2611
   Number of public wire bits:    2810
   Number of memories:               0
   Number of memory bits:            0
   Number of processes:              0
   Number of cells:              32149
     sky130_fd_sc_hd__a2111o_2      14
     sky130_fd_sc_hd__a2111oi_2     11
     sky130_fd_sc_hd__a211o_2      287
     sky130_fd_sc_hd__a211oi_2     290
     sky130_fd_sc_hd__a21bo_2       90
     sky130_fd_sc_hd__a21boi_2     136
     sky130_fd_sc_hd__a21o_2       591
     sky130_fd_sc_hd__a21oi_2     1868
     sky130_fd_sc_hd__a221o_2      234
     sky130_fd_sc_hd__a221oi_2      49
     sky130_fd_sc_hd__a22o_2       915
     sky130_fd_sc_hd__a22oi_2      947
     sky130_fd_sc_hd__a2bb2o_2     167
     sky130_fd_sc_hd__a2bb2oi_2     20
     sky130_fd_sc_hd__a311o_2      224
     sky130_fd_sc_hd__a311oi_2      75
     sky130_fd_sc_hd__a31o_2       835
     sky130_fd_sc_hd__a31oi_2      157
     sky130_fd_sc_hd__a32o_2        49
     sky130_fd_sc_hd__a32oi_2       23
     sky130_fd_sc_hd__a41o_2       204
     sky130_fd_sc_hd__a41oi_2       22
     sky130_fd_sc_hd__and2_2      1052
     sky130_fd_sc_hd__and2b_2       97
     sky130_fd_sc_hd__and3_2       946
     sky130_fd_sc_hd__and3b_2      196
     sky130_fd_sc_hd__and4_2       936
     sky130_fd_sc_hd__and4b_2      278
     sky130_fd_sc_hd__and4bb_2     261
     sky130_fd_sc_hd__buf_1       3924
     sky130_fd_sc_hd__conb_1         9
     sky130_fd_sc_hd__dfxtp_2     2605
     sky130_fd_sc_hd__inv_2        479
     sky130_fd_sc_hd__mux2_1         2
     sky130_fd_sc_hd__mux2_2       203
     sky130_fd_sc_hd__mux4_2        32
     sky130_fd_sc_hd__nand2_2     1453
     sky130_fd_sc_hd__nand2b_2      12
     sky130_fd_sc_hd__nand3_2      561
     sky130_fd_sc_hd__nand3b_2     163
     sky130_fd_sc_hd__nand4_2      655
     sky130_fd_sc_hd__nand4b_2      17
     sky130_fd_sc_hd__nor2_2      1631
     sky130_fd_sc_hd__nor2b_2       24
     sky130_fd_sc_hd__nor3_2       206
     sky130_fd_sc_hd__nor3b_2       26
     sky130_fd_sc_hd__nor4_2       123
     sky130_fd_sc_hd__nor4b_2        7
     sky130_fd_sc_hd__o2111a_2      51
     sky130_fd_sc_hd__o2111ai_2    144
     sky130_fd_sc_hd__o211a_2      684
     sky130_fd_sc_hd__o211ai_2     622
     sky130_fd_sc_hd__o21a_2       771
     sky130_fd_sc_hd__o21ai_2     1667
     sky130_fd_sc_hd__o21ba_2      238
     sky130_fd_sc_hd__o21bai_2     203
     sky130_fd_sc_hd__o221a_2      221
     sky130_fd_sc_hd__o221ai_2     226
     sky130_fd_sc_hd__o22a_2        87
     sky130_fd_sc_hd__o22ai_2      103
     sky130_fd_sc_hd__o2bb2a_2     647
     sky130_fd_sc_hd__o2bb2ai_2     75
     sky130_fd_sc_hd__o311a_2      102
     sky130_fd_sc_hd__o311ai_2      20
     sky130_fd_sc_hd__o31a_2       304
     sky130_fd_sc_hd__o31ai_2       78
     sky130_fd_sc_hd__o32a_2        98
     sky130_fd_sc_hd__o32ai_2       36
     sky130_fd_sc_hd__o41a_2        43
     sky130_fd_sc_hd__o41ai_2       13
     sky130_fd_sc_hd__or2_2        992
     sky130_fd_sc_hd__or2b_2       176
     sky130_fd_sc_hd__or3_2        357
     sky130_fd_sc_hd__or3b_2       125
     sky130_fd_sc_hd__or4_2        303
     sky130_fd_sc_hd__or4b_2        75
     sky130_fd_sc_hd__or4bb_2      228
     sky130_fd_sc_hd__xnor2_2      243
     sky130_fd_sc_hd__xor2_2       111

   Chip area for module '\mk_fpu_multiplier_dp': 313366.793600

