
79. Printing statistics.

=== mk_fpu_multiplier_dp ===

   Number of wires:              31270
   Number of wire bits:          31469
   Number of public wires:        2611
   Number of public wire bits:    2810
   Number of memories:               0
   Number of memory bits:            0
   Number of processes:              0
   Number of cells:              31335
     sky130_fd_sc_hd__a2111o_2      39
     sky130_fd_sc_hd__a2111oi_2     21
     sky130_fd_sc_hd__a211o_2      563
     sky130_fd_sc_hd__a211oi_2     250
     sky130_fd_sc_hd__a21bo_2      161
     sky130_fd_sc_hd__a21boi_2     149
     sky130_fd_sc_hd__a21o_2       730
     sky130_fd_sc_hd__a21oi_2     1796
     sky130_fd_sc_hd__a221o_2      170
     sky130_fd_sc_hd__a221oi_2      44
     sky130_fd_sc_hd__a22o_2       721
     sky130_fd_sc_hd__a22oi_2      781
     sky130_fd_sc_hd__a2bb2o_2     237
     sky130_fd_sc_hd__a2bb2oi_2     21
     sky130_fd_sc_hd__a311o_2      119
     sky130_fd_sc_hd__a311oi_2      33
     sky130_fd_sc_hd__a31o_2       773
     sky130_fd_sc_hd__a31oi_2      140
     sky130_fd_sc_hd__a32o_2        98
     sky130_fd_sc_hd__a32oi_2       28
     sky130_fd_sc_hd__a41o_2       178
     sky130_fd_sc_hd__a41oi_2       17
     sky130_fd_sc_hd__and2_2      1329
     sky130_fd_sc_hd__and2b_2      102
     sky130_fd_sc_hd__and3_2      1153
     sky130_fd_sc_hd__and3b_2      146
     sky130_fd_sc_hd__and4_2       785
     sky130_fd_sc_hd__and4b_2      163
     sky130_fd_sc_hd__and4bb_2     389
     sky130_fd_sc_hd__buf_1       3707
     sky130_fd_sc_hd__buf_2          1
     sky130_fd_sc_hd__conb_1         9
     sky130_fd_sc_hd__dfxtp_2     2605
     sky130_fd_sc_hd__inv_2        425
     sky130_fd_sc_hd__mux2_2       186
     sky130_fd_sc_hd__mux4_2        28
     sky130_fd_sc_hd__nand2_2     1720
     sky130_fd_sc_hd__nand2b_2      10
     sky130_fd_sc_hd__nand3_2      637
     sky130_fd_sc_hd__nand3b_2     130
     sky130_fd_sc_hd__nand4_2      908
     sky130_fd_sc_hd__nand4b_2      30
     sky130_fd_sc_hd__nor2_2      1467
     sky130_fd_sc_hd__nor2b_2       12
     sky130_fd_sc_hd__nor3_2       192
     sky130_fd_sc_hd__nor3b_2       40
     sky130_fd_sc_hd__nor4_2        78
     sky130_fd_sc_hd__nor4b_2        8
     sky130_fd_sc_hd__o2111a_2      74
     sky130_fd_sc_hd__o2111ai_2    124
     sky130_fd_sc_hd__o211a_2      645
     sky130_fd_sc_hd__o211ai_2     854
     sky130_fd_sc_hd__o21a_2       815
     sky130_fd_sc_hd__o21ai_2     1663
     sky130_fd_sc_hd__o21ba_2      124
     sky130_fd_sc_hd__o21bai_2     350
     sky130_fd_sc_hd__o221a_2      116
     sky130_fd_sc_hd__o221ai_2     180
     sky130_fd_sc_hd__o22a_2        65
     sky130_fd_sc_hd__o22ai_2       78
     sky130_fd_sc_hd__o2bb2a_2     505
     sky130_fd_sc_hd__o2bb2ai_2     65
     sky130_fd_sc_hd__o311a_2       86
     sky130_fd_sc_hd__o311ai_2      27
     sky130_fd_sc_hd__o31a_2       183
     sky130_fd_sc_hd__o31ai_2       52
     sky130_fd_sc_hd__o32a_2        54
     sky130_fd_sc_hd__o32ai_2       10
     sky130_fd_sc_hd__o41a_2        22
     sky130_fd_sc_hd__o41ai_2        6
     sky130_fd_sc_hd__or2_2        488
     sky130_fd_sc_hd__or2b_2       192
     sky130_fd_sc_hd__or3_2        355
     sky130_fd_sc_hd__or3b_2       134
     sky130_fd_sc_hd__or4_2        183
     sky130_fd_sc_hd__or4b_2        83
     sky130_fd_sc_hd__or4bb_2      246
     sky130_fd_sc_hd__xnor2_2       82
     sky130_fd_sc_hd__xor2_2       145

   Chip area for module '\mk_fpu_multiplier_dp': 306179.900800

