
97. Printing statistics.

=== mk_fpu_multiplier_dp ===

   Number of wires:              32362
   Number of wire bits:          32561
   Number of public wires:        2611
   Number of public wire bits:    2810
   Number of memories:               0
   Number of memory bits:            0
   Number of processes:              0
   Number of cells:              32427
     sky130_fd_sc_hd__a2111o_2      44
     sky130_fd_sc_hd__a2111oi_2     21
     sky130_fd_sc_hd__a2111oi_4      1
     sky130_fd_sc_hd__a211o_2      258
     sky130_fd_sc_hd__a211o_4        1
     sky130_fd_sc_hd__a211oi_2      59
     sky130_fd_sc_hd__a21bo_2      738
     sky130_fd_sc_hd__a21boi_2      85
     sky130_fd_sc_hd__a21o_2      1082
     sky130_fd_sc_hd__a21oi_2     1144
     sky130_fd_sc_hd__a221o_2      288
     sky130_fd_sc_hd__a221oi_2      38
     sky130_fd_sc_hd__a22o_2       439
     sky130_fd_sc_hd__a22oi_2       74
     sky130_fd_sc_hd__a2bb2o_2     136
     sky130_fd_sc_hd__a2bb2oi_2      2
     sky130_fd_sc_hd__a311o_2       56
     sky130_fd_sc_hd__a311oi_2      11
     sky130_fd_sc_hd__a31o_2       458
     sky130_fd_sc_hd__a31oi_2       51
     sky130_fd_sc_hd__a32o_2       100
     sky130_fd_sc_hd__a32oi_2        8
     sky130_fd_sc_hd__a41o_2        18
     sky130_fd_sc_hd__a41oi_2        2
     sky130_fd_sc_hd__and2_2      1787
     sky130_fd_sc_hd__and2_4         1
     sky130_fd_sc_hd__and2b_2      190
     sky130_fd_sc_hd__and3_2       624
     sky130_fd_sc_hd__and3b_2       82
     sky130_fd_sc_hd__and4_2       143
     sky130_fd_sc_hd__and4b_2       36
     sky130_fd_sc_hd__and4b_4        1
     sky130_fd_sc_hd__and4bb_2      15
     sky130_fd_sc_hd__buf_1       2476
     sky130_fd_sc_hd__buf_2        432
     sky130_fd_sc_hd__buf_4         54
     sky130_fd_sc_hd__buf_6         11
     sky130_fd_sc_hd__conb_1         9
     sky130_fd_sc_hd__dfxtp_2     2605
     sky130_fd_sc_hd__inv_2        661
     sky130_fd_sc_hd__mux2_1         7
     sky130_fd_sc_hd__mux2_2      1138
     sky130_fd_sc_hd__mux2_4         3
     sky130_fd_sc_hd__mux4_2       230
     sky130_fd_sc_hd__nand2_2     4416
     sky130_fd_sc_hd__nand2b_2       3
     sky130_fd_sc_hd__nand3_2       94
     sky130_fd_sc_hd__nand3b_2      52
     sky130_fd_sc_hd__nand4_2       40
     sky130_fd_sc_hd__nand4b_2       7
     sky130_fd_sc_hd__nand4bb_2      1
     sky130_fd_sc_hd__nor2_2      2200
     sky130_fd_sc_hd__nor2b_2        2
     sky130_fd_sc_hd__nor3_2        64
     sky130_fd_sc_hd__nor3b_2       21
     sky130_fd_sc_hd__nor4_2        20
     sky130_fd_sc_hd__nor4b_2       12
     sky130_fd_sc_hd__o2111a_2      49
     sky130_fd_sc_hd__o2111ai_2     12
     sky130_fd_sc_hd__o211a_2      297
     sky130_fd_sc_hd__o211ai_2      57
     sky130_fd_sc_hd__o21a_2       883
     sky130_fd_sc_hd__o21ai_2     1169
     sky130_fd_sc_hd__o21ba_2      226
     sky130_fd_sc_hd__o21bai_2     112
     sky130_fd_sc_hd__o221a_2      144
     sky130_fd_sc_hd__o221ai_2      22
     sky130_fd_sc_hd__o22a_2       219
     sky130_fd_sc_hd__o22ai_2       40
     sky130_fd_sc_hd__o2bb2a_2      97
     sky130_fd_sc_hd__o2bb2ai_2      9
     sky130_fd_sc_hd__o311a_2       68
     sky130_fd_sc_hd__o311ai_2       4
     sky130_fd_sc_hd__o31a_2       132
     sky130_fd_sc_hd__o31ai_2       43
     sky130_fd_sc_hd__o32a_2        40
     sky130_fd_sc_hd__o32ai_2        3
     sky130_fd_sc_hd__o41a_2        22
     sky130_fd_sc_hd__o41ai_2        4
     sky130_fd_sc_hd__or2_2       1252
     sky130_fd_sc_hd__or2b_2       182
     sky130_fd_sc_hd__or3_2        278
     sky130_fd_sc_hd__or3_4          2
     sky130_fd_sc_hd__or3b_2       147
     sky130_fd_sc_hd__or4_2        159
     sky130_fd_sc_hd__or4_4         13
     sky130_fd_sc_hd__or4b_2        64
     sky130_fd_sc_hd__or4b_4         7
     sky130_fd_sc_hd__or4bb_2       18
     sky130_fd_sc_hd__or4bb_4        1
     sky130_fd_sc_hd__xnor2_2     3172
     sky130_fd_sc_hd__xnor2_4        1
     sky130_fd_sc_hd__xor2_2       928

   Chip area for module '\mk_fpu_multiplier_dp': 322712.006400

