
70. Printing statistics.

=== mk_fpu_multiplier_dp ===

   Number of wires:              31041
   Number of wire bits:          31240
   Number of public wires:        2611
   Number of public wire bits:    2810
   Number of memories:               0
   Number of memory bits:            0
   Number of processes:              0
   Number of cells:              31106
     sky130_fd_sc_hd__a2111o_2      24
     sky130_fd_sc_hd__a2111oi_2     17
     sky130_fd_sc_hd__a211o_2      556
     sky130_fd_sc_hd__a211oi_2     269
     sky130_fd_sc_hd__a21bo_2      222
     sky130_fd_sc_hd__a21boi_2     134
     sky130_fd_sc_hd__a21o_2       703
     sky130_fd_sc_hd__a21oi_2     1777
     sky130_fd_sc_hd__a221o_2      168
     sky130_fd_sc_hd__a221oi_2      48
     sky130_fd_sc_hd__a22o_2       721
     sky130_fd_sc_hd__a22oi_2      803
     sky130_fd_sc_hd__a2bb2o_2     226
     sky130_fd_sc_hd__a2bb2oi_2     31
     sky130_fd_sc_hd__a311o_2      117
     sky130_fd_sc_hd__a311oi_2      30
     sky130_fd_sc_hd__a31o_2       749
     sky130_fd_sc_hd__a31oi_2      189
     sky130_fd_sc_hd__a32o_2       104
     sky130_fd_sc_hd__a32oi_2       18
     sky130_fd_sc_hd__a41o_2       168
     sky130_fd_sc_hd__a41oi_2       20
     sky130_fd_sc_hd__and2_2      1250
     sky130_fd_sc_hd__and2b_2       92
     sky130_fd_sc_hd__and3_2      1144
     sky130_fd_sc_hd__and3b_2      135
     sky130_fd_sc_hd__and4_2       736
     sky130_fd_sc_hd__and4b_2      178
     sky130_fd_sc_hd__and4bb_2     399
     sky130_fd_sc_hd__buf_1       3653
     sky130_fd_sc_hd__conb_1         9
     sky130_fd_sc_hd__dfxtp_2     2605
     sky130_fd_sc_hd__inv_2        428
     sky130_fd_sc_hd__mux2_1         1
     sky130_fd_sc_hd__mux2_2       198
     sky130_fd_sc_hd__mux4_2        14
     sky130_fd_sc_hd__nand2_2     1772
     sky130_fd_sc_hd__nand2b_2      17
     sky130_fd_sc_hd__nand3_2      520
     sky130_fd_sc_hd__nand3b_2     152
     sky130_fd_sc_hd__nand4_2      847
     sky130_fd_sc_hd__nand4b_2      20
     sky130_fd_sc_hd__nor2_2      1358
     sky130_fd_sc_hd__nor2b_2       14
     sky130_fd_sc_hd__nor3_2       155
     sky130_fd_sc_hd__nor3b_2       50
     sky130_fd_sc_hd__nor4_2        81
     sky130_fd_sc_hd__nor4b_2       11
     sky130_fd_sc_hd__o2111a_2      52
     sky130_fd_sc_hd__o2111ai_2    168
     sky130_fd_sc_hd__o211a_2      685
     sky130_fd_sc_hd__o211ai_2     801
     sky130_fd_sc_hd__o21a_2       828
     sky130_fd_sc_hd__o21ai_2     1621
     sky130_fd_sc_hd__o21ba_2      113
     sky130_fd_sc_hd__o21bai_2     396
     sky130_fd_sc_hd__o221a_2      139
     sky130_fd_sc_hd__o221ai_2     208
     sky130_fd_sc_hd__o22a_2        69
     sky130_fd_sc_hd__o22ai_2      102
     sky130_fd_sc_hd__o2bb2a_2     526
     sky130_fd_sc_hd__o2bb2ai_2     69
     sky130_fd_sc_hd__o311a_2       92
     sky130_fd_sc_hd__o311ai_2      20
     sky130_fd_sc_hd__o31a_2       203
     sky130_fd_sc_hd__o31ai_2       52
     sky130_fd_sc_hd__o32a_2        30
     sky130_fd_sc_hd__o32ai_2       10
     sky130_fd_sc_hd__o41a_2        27
     sky130_fd_sc_hd__o41ai_2        7
     sky130_fd_sc_hd__or2_2        493
     sky130_fd_sc_hd__or2b_2       134
     sky130_fd_sc_hd__or3_2        358
     sky130_fd_sc_hd__or3b_2       155
     sky130_fd_sc_hd__or4_2        179
     sky130_fd_sc_hd__or4b_2        86
     sky130_fd_sc_hd__or4bb_2      252
     sky130_fd_sc_hd__xnor2_2      102
     sky130_fd_sc_hd__xor2_2       196

   Chip area for module '\mk_fpu_multiplier_dp': 305466.716800

