
106. Printing statistics.

=== mk_fpu_multiplier_dp ===

   Number of wires:              29819
   Number of wire bits:          30018
   Number of public wires:        2611
   Number of public wire bits:    2810
   Number of memories:               0
   Number of memory bits:            0
   Number of processes:              0
   Number of cells:              29884
     sky130_fd_sc_hd__a2111o_2      14
     sky130_fd_sc_hd__a2111oi_2      3
     sky130_fd_sc_hd__a211o_2      142
     sky130_fd_sc_hd__a211oi_2      12
     sky130_fd_sc_hd__a21bo_2      171
     sky130_fd_sc_hd__a21boi_2     117
     sky130_fd_sc_hd__a21o_2       804
     sky130_fd_sc_hd__a21oi_2     1548
     sky130_fd_sc_hd__a221o_2      125
     sky130_fd_sc_hd__a221oi_2       7
     sky130_fd_sc_hd__a22o_2       280
     sky130_fd_sc_hd__a22oi_2      806
     sky130_fd_sc_hd__a2bb2o_2      69
     sky130_fd_sc_hd__a311o_2       33
     sky130_fd_sc_hd__a311oi_2      21
     sky130_fd_sc_hd__a31o_2       576
     sky130_fd_sc_hd__a31oi_2       29
     sky130_fd_sc_hd__a32o_2        58
     sky130_fd_sc_hd__a32oi_2        1
     sky130_fd_sc_hd__a41o_2        16
     sky130_fd_sc_hd__a41oi_2        1
     sky130_fd_sc_hd__and2_2      1491
     sky130_fd_sc_hd__and2b_2      512
     sky130_fd_sc_hd__and3_2      1037
     sky130_fd_sc_hd__and3b_2      202
     sky130_fd_sc_hd__and4_2       926
     sky130_fd_sc_hd__and4b_2       86
     sky130_fd_sc_hd__and4bb_2      84
     sky130_fd_sc_hd__buf_1       3168
     sky130_fd_sc_hd__buf_2          1
     sky130_fd_sc_hd__conb_1         9
     sky130_fd_sc_hd__dfxtp_2     2605
     sky130_fd_sc_hd__inv_2        727
     sky130_fd_sc_hd__mux2_2       932
     sky130_fd_sc_hd__mux4_2         3
     sky130_fd_sc_hd__nand2_2     2502
     sky130_fd_sc_hd__nand2b_2       9
     sky130_fd_sc_hd__nand3_2       93
     sky130_fd_sc_hd__nand3b_2      15
     sky130_fd_sc_hd__nand4_2       53
     sky130_fd_sc_hd__nand4b_2       1
     sky130_fd_sc_hd__nor2_2      2646
     sky130_fd_sc_hd__nor2b_2        5
     sky130_fd_sc_hd__nor3_2       665
     sky130_fd_sc_hd__nor3b_2       16
     sky130_fd_sc_hd__nor4_2         7
     sky130_fd_sc_hd__nor4b_2        1
     sky130_fd_sc_hd__o2111a_2      21
     sky130_fd_sc_hd__o2111ai_2      3
     sky130_fd_sc_hd__o211a_2      307
     sky130_fd_sc_hd__o211ai_2      73
     sky130_fd_sc_hd__o21a_2      1414
     sky130_fd_sc_hd__o21ai_2      839
     sky130_fd_sc_hd__o21ba_2      257
     sky130_fd_sc_hd__o21bai_2      69
     sky130_fd_sc_hd__o221a_2       83
     sky130_fd_sc_hd__o221ai_2       7
     sky130_fd_sc_hd__o22a_2        54
     sky130_fd_sc_hd__o22ai_2       15
     sky130_fd_sc_hd__o2bb2a_2     177
     sky130_fd_sc_hd__o2bb2ai_2      1
     sky130_fd_sc_hd__o311a_2       27
     sky130_fd_sc_hd__o311ai_2       1
     sky130_fd_sc_hd__o31a_2       170
     sky130_fd_sc_hd__o31ai_2       37
     sky130_fd_sc_hd__o32a_2        15
     sky130_fd_sc_hd__o32ai_2        1
     sky130_fd_sc_hd__o41a_2        14
     sky130_fd_sc_hd__or2_2       1458
     sky130_fd_sc_hd__or2b_2       201
     sky130_fd_sc_hd__or3_2        768
     sky130_fd_sc_hd__or3b_2       130
     sky130_fd_sc_hd__or4_2        132
     sky130_fd_sc_hd__or4b_2        34
     sky130_fd_sc_hd__or4bb_2        8
     sky130_fd_sc_hd__xnor2_2      655
     sky130_fd_sc_hd__xor2_2       284

   Chip area for module '\mk_fpu_multiplier_dp': 274680.940800

